= Host-specific information ====================================================
$> hostname; uname -msr
e1z1r6p18.42.us.org
Darwin 15.6.0 x86_64
$> date
Tue Nov  7 16:32:16 PST 2017
$> gcc --version
Configured with: --prefix=/Applications/Xcode.app/Contents/Developer/usr --with-gxx-include-dir=/usr/include/c++/4.2.1
Apple LLVM version 8.0.0 (clang-800.0.38)
Target: x86_64-apple-darwin15.6.0
Thread model: posix
InstalledDir: /Applications/Xcode.app/Contents/Developer/Toolchains/XcodeDefault.xctoolchain/usr/bin
$> clang --version
Apple LLVM version 8.0.0 (clang-800.0.38)
Target: x86_64-apple-darwin15.6.0
Thread model: posix
InstalledDir: /Applications/Xcode.app/Contents/Developer/Toolchains/XcodeDefault.xctoolchain/usr/bin

= User files collection ========================================================
Collecting user files from Vogsphere
Repository URL: auto-exam/2017/c-exam-alone-in-the-dark-beginner/practice-exam_20171107/lhernand2

= Git history ==================================================================
$> git -C /var/folders/t6/rx9h0wpn5tb7czy7xddwx4wr0000gp/T/tmpe9Y8Mn/user log --pretty='%H - %an, %ad : %s'
9e8c8e8000158740c5ad6bc833fc707534ab8f60 - Leopoldo Hernandez, Tue Nov 7 16:32:00 2017 -0800 : added sort_int_tab
95d3b81e5392358bfade7c05b15bd587add8e5fd - Leopoldo Hernandez, Tue Nov 7 15:37:41 2017 -0800 : added pgcd
62b23e17b11bcb21310bf0b4edd8748441654221 - Leopoldo Hernandez, Tue Nov 7 15:18:29 2017 -0800 : added wmatch
876306b2c10c4dd6bbcaf824407569cdcf0a5d9a - Leopoldo Hernandez, Tue Nov 7 14:54:38 2017 -0800 : added ft_putstr
50af88fed28de347ee9ae02df3a1c8c2a6fd6042 - Leopoldo Hernandez, Tue Nov 7 14:50:19 2017 -0800 : Added aff_last_param
 
= Collected files ==========================================
$> ls -lAR /var/folders/t6/rx9h0wpn5tb7czy7xddwx4wr0000gp/T/tmpe9Y8Mn/user
total 8
-rw-r--r--  1 deepthought  deepthought  1380 Nov  7 16:32 __GIT_HISTORY
drwxr-xr-x  3 deepthought  deepthought   102 Nov  7 16:32 aff_last_param
drwxr-xr-x  3 deepthought  deepthought   102 Nov  7 16:32 ft_putstr
drwxr-xr-x  3 deepthought  deepthought   102 Nov  7 16:32 pgcd
drwxr-xr-x  3 deepthought  deepthought   102 Nov  7 16:32 sort_int_tab
drwxr-xr-x  3 deepthought  deepthought   102 Nov  7 16:32 wdmatch

/var/folders/t6/rx9h0wpn5tb7czy7xddwx4wr0000gp/T/tmpe9Y8Mn/user/aff_last_param:
total 8
-rw-r--r--  1 deepthought  deepthought  1214 Nov  7 16:32 aff_last_param.c

/var/folders/t6/rx9h0wpn5tb7czy7xddwx4wr0000gp/T/tmpe9Y8Mn/user/ft_putstr:
total 8
-rw-r--r--  1 deepthought  deepthought  1067 Nov  7 16:32 ft_putstr.c

/var/folders/t6/rx9h0wpn5tb7czy7xddwx4wr0000gp/T/tmpe9Y8Mn/user/pgcd:
total 8
-rw-r--r--  1 deepthought  deepthought  1615 Nov  7 16:32 pgcd.c

/var/folders/t6/rx9h0wpn5tb7czy7xddwx4wr0000gp/T/tmpe9Y8Mn/user/sort_int_tab:
total 8
-rw-r--r--  1 deepthought  deepthought  1260 Nov  7 16:32 sort_int_tab.c

/var/folders/t6/rx9h0wpn5tb7czy7xddwx4wr0000gp/T/tmpe9Y8Mn/user/wdmatch:
total 8
-rw-r--r--  1 deepthought  deepthought  1409 Nov  7 16:32 wdmatch.c
 
= sort_int_tab =================================================================
$> gcc -Wextra -Wall -Werror main.c sort_int_tab.c -o user_exe 

= Test 1 ===================================================
$> ./isnmpcrovy92et89cmltwmnv
$> diff -U 3 user_output_test1 test1.output | cat -e

Diff OK :D
Grade: 1

= Final grade: 1 ===============================================================
